[debug] [2025-04-17T20:25:49.443Z] ----------------------------------------------------------------------
[debug] [2025-04-17T20:25:49.446Z] Command:       /usr/local/bin/node /Users/jaswanth.m/CascadeProjects/suraksha-dental/node_modules/.bin/firebase init
[debug] [2025-04-17T20:25:49.446Z] CLI Version:   14.2.0
[debug] [2025-04-17T20:25:49.446Z] Platform:      darwin
[debug] [2025-04-17T20:25:49.446Z] Node Version:  v22.12.0
[debug] [2025-04-17T20:25:49.447Z] Time:          Fri Apr 18 2025 01:55:49 GMT+0530 (India Standard Time)
[debug] [2025-04-17T20:25:49.447Z] ----------------------------------------------------------------------
[debug] 
[debug] [2025-04-17T20:25:49.450Z] >>> [apiv2][query] GET https://firebase-public.firebaseio.com/cli.json [none]
[debug] [2025-04-17T20:25:49.490Z] > command requires scopes: ["email","openid","https://www.googleapis.com/auth/cloudplatformprojects.readonly","https://www.googleapis.com/auth/firebase","https://www.googleapis.com/auth/cloud-platform"]
[debug] [2025-04-17T20:25:49.490Z] > authorizing via signed-in user (jaswanthmallampati@gmail.com)
[info] 
     ######## #### ########  ######## ########     ###     ######  ########
     ##        ##  ##     ## ##       ##     ##  ##   ##  ##       ##
     ######    ##  ########  ######   ########  #########  ######  ######
     ##        ##  ##    ##  ##       ##     ## ##     ##       ## ##
     ##       #### ##     ## ######## ########  ##     ##  ######  ########

You're about to initialize a Firebase project in this directory:

  /Users/jaswanth.m/CascadeProjects/suraksha-dental

[debug] [2025-04-17T20:25:50.131Z] <<< [apiv2][status] GET https://firebase-public.firebaseio.com/cli.json 200
[debug] [2025-04-17T20:25:50.131Z] <<< [apiv2][body] GET https://firebase-public.firebaseio.com/cli.json {"cloudBuildErrorAfter":1594252800000,"cloudBuildWarnAfter":1590019200000,"defaultNode10After":1594252800000,"minVersion":"3.0.5","node8DeploysDisabledAfter":1613390400000,"node8RuntimeDisabledAfter":1615809600000,"node8WarnAfter":1600128000000}
